
> raffle-frontend@0.1.0 dev
> next dev

  ▲ Next.js 14.2.35
  - Local:        http://localhost:3000
  - Environments: .env.local

 ✓ Starting...
 ✓ Ready in 1508ms
 ○ Compiling /competitions/[slug] ...
 ✓ Compiled /competitions/[slug] in 3.7s (694 modules)
 ✓ Compiled in 249ms (338 modules)
Warning: Received NaN for the `max` attribute. If this is expected, cast the value to a string.
    at input
    at div
    at div
    at eval (webpack-internal:///(ssr)/./src/components/ui/Input.tsx:17:88)
    at div
    at div
    at div
    at div
    at div
    at TicketSelector (webpack-internal:///(ssr)/./src/components/competition/TicketSelector.tsx:21:27)
    at div
    at div
    at div
    at div
    at div
    at CompetitionClient (webpack-internal:///(ssr)/./src/app/(public)/competitions/[slug]/CompetitionClient.tsx:39:30)
    at Lazy
    at InnerLayoutRouter (webpack-internal:///(ssr)/../node_modules/next/dist/client/components/layout-router.js:242:11)
    at RedirectErrorBoundary (webpack-internal:///(ssr)/../node_modules/next/dist/client/components/redirect-boundary.js:73:9)
    at RedirectBoundary (webpack-internal:///(ssr)/../node_modules/next/dist/client/components/redirect-boundary.js:81:11)
    at NotFoundBoundary (webpack-internal:///(ssr)/../node_modules/next/dist/client/components/not-found-boundary.js:84:11)
    at LoadingBoundary (webpack-internal:///(ssr)/../node_modules/next/dist/client/components/layout-router.js:347:11)
    at ErrorBoundary (webpack-internal:///(ssr)/../node_modules/next/dist/client/components/error-boundary.js:158:11)
    at InnerScrollAndFocusHandler (webpack-internal:///(ssr)/../node_modules/next/dist/client/components/layout-router.js:153:9)
    at ScrollAndFocusHandler (webpack-internal:///(ssr)/../node_modules/next/dist/client/components/layout-router.js:228:11)
    at RenderFromTemplateContext (webpack-internal:///(ssr)/../node_modules/next/dist/client/components/render-from-template-context.js:16:44)
    at Lazy
    at OuterLayoutRouter (webpack-internal:///(ssr)/../node_modules/next/dist/client/components/layout-router.js:367:11)
    at Lazy
    at InnerLayoutRouter (webpack-internal:///(ssr)/../node_modules/next/dist/client/components/layout-router.js:242:11)
    at RedirectErrorBoundary (webpack-internal:///(ssr)/../node_modules/next/dist/client/components/redirect-boundary.js:73:9)
    at RedirectBoundary (webpack-internal:///(ssr)/../node_modules/next/dist/client/components/redirect-boundary.js:81:11)
    at NotFoundBoundary (webpack-internal:///(ssr)/../node_modules/next/dist/client/components/not-found-boundary.js:84:11)
    at LoadingBoundary (webpack-internal:///(ssr)/../node_modules/next/dist/client/components/layout-router.js:347:11)
    at ErrorBoundary (webpack-internal:///(ssr)/../node_modules/next/dist/client/components/error-boundary.js:158:11)
    at InnerScrollAndFocusHandler (webpack-internal:///(ssr)/../node_modules/next/dist/client/components/layout-router.js:153:9)
    at ScrollAndFocusHandler (webpack-internal:///(ssr)/../node_modules/next/dist/client/components/layout-router.js:228:11)
    at RenderFromTemplateContext (webpack-internal:///(ssr)/../node_modules/next/dist/client/components/render-from-template-context.js:16:44)
    at Lazy
    at OuterLayoutRouter (webpack-internal:///(ssr)/../node_modules/next/dist/client/components/layout-router.js:367:11)
    at Lazy
    at InnerLayoutRouter (webpack-internal:///(ssr)/../node_modules/next/dist/client/components/layout-router.js:242:11)
    at RedirectErrorBoundary (webpack-internal:///(ssr)/../node_modules/next/dist/client/components/redirect-boundary.js:73:9)
    at RedirectBoundary (webpack-internal:///(ssr)/../node_modules/next/dist/client/components/redirect-boundary.js:81:11)
    at NotFoundErrorBoundary (webpack-internal:///(ssr)/../node_modules/next/dist/client/components/not-found-boundary.js:76:9)
    at NotFoundBoundary (webpack-internal:///(ssr)/../node_modules/next/dist/client/components/not-found-boundary.js:84:11)
    at LoadingBoundary (webpack-internal:///(ssr)/../node_modules/next/dist/client/components/layout-router.js:347:11)
    at ErrorBoundary (webpack-internal:///(ssr)/../node_modules/next/dist/client/components/error-boundary.js:158:11)
    at InnerScrollAndFocusHandler (webpack-internal:///(ssr)/../node_modules/next/dist/client/components/layout-router.js:153:9)
    at ScrollAndFocusHandler (webpack-internal:///(ssr)/../node_modules/next/dist/client/components/layout-router.js:228:11)
    at RenderFromTemplateContext (webpack-internal:///(ssr)/../node_modules/next/dist/client/components/render-from-template-context.js:16:44)
    at Lazy
    at OuterLayoutRouter (webpack-internal:///(ssr)/../node_modules/next/dist/client/components/layout-router.js:367:11)
    at Lazy
    at InnerLayoutRouter (webpack-internal:///(ssr)/../node_modules/next/dist/client/components/layout-router.js:242:11)
    at RedirectErrorBoundary (webpack-internal:///(ssr)/../node_modules/next/dist/client/components/redirect-boundary.js:73:9)
    at RedirectBoundary (webpack-internal:///(ssr)/../node_modules/next/dist/client/components/redirect-boundary.js:81:11)
    at NotFoundErrorBoundary (webpack-internal:///(ssr)/../node_modules/next/dist/client/components/not-found-boundary.js:76:9)
    at NotFoundBoundary (webpack-internal:///(ssr)/../node_modules/next/dist/client/components/not-found-boundary.js:84:11)
    at LoadingBoundary (webpack-internal:///(ssr)/../node_modules/next/dist/client/components/layout-router.js:347:11)
    at ErrorBoundary (webpack-internal:///(ssr)/../node_modules/next/dist/client/components/error-boundary.js:158:11)
    at InnerScrollAndFocusHandler (webpack-internal:///(ssr)/../node_modules/next/dist/client/components/layout-router.js:153:9)
    at ScrollAndFocusHandler (webpack-internal:///(ssr)/../node_modules/next/dist/client/components/layout-router.js:228:11)
    at RenderFromTemplateContext (webpack-internal:///(ssr)/../node_modules/next/dist/client/components/render-from-template-context.js:16:44)
    at Lazy
    at OuterLayoutRouter (webpack-internal:///(ssr)/../node_modules/next/dist/client/components/layout-router.js:367:11)
    at Lazy
    at main
    at div
    at ToastProvider (webpack-internal:///(ssr)/./src/context/ToastContext.tsx:13:26)
    at CartProvider (webpack-internal:///(ssr)/./src/context/CartContext.tsx:15:25)
    at AuthProvider (webpack-internal:///(ssr)/./src/context/AuthContext.tsx:15:25)
    at Providers (webpack-internal:///(ssr)/./src/app/providers.tsx:19:22)
    at Lazy
    at body
    at html
    at RedirectErrorBoundary (webpack-internal:///(ssr)/../node_modules/next/dist/client/components/redirect-boundary.js:73:9)
    at RedirectBoundary (webpack-internal:///(ssr)/../node_modules/next/dist/client/components/redirect-boundary.js:81:11)
    at ReactDevOverlay (webpack-internal:///(ssr)/../node_modules/next/dist/client/components/react-dev-overlay/app/ReactDevOverlay.js:87:9)
    at HotReload (webpack-internal:///(ssr)/../node_modules/next/dist/client/components/react-dev-overlay/app/hot-reloader-client.js:322:11)
    at Router (webpack-internal:///(ssr)/../node_modules/next/dist/client/components/app-router.js:202:11)
    at ErrorBoundaryHandler (webpack-internal:///(ssr)/../node_modules/next/dist/client/components/error-boundary.js:112:9)
    at ErrorBoundary (webpack-internal:///(ssr)/../node_modules/next/dist/client/components/error-boundary.js:158:11)
    at AppRouter (webpack-internal:///(ssr)/../node_modules/next/dist/client/components/app-router.js:564:13)
    at Lazy
    at r7 (/home/kevin/Desktop/gambling-web/node_modules/next/dist/compiled/next-server/app-page.runtime.dev.js:40:19155)
    at r7 (/home/kevin/Desktop/gambling-web/node_modules/next/dist/compiled/next-server/app-page.runtime.dev.js:40:19155)
    at ServerInsertedHTMLProvider (/home/kevin/Desktop/gambling-web/node_modules/next/dist/compiled/next-server/app-page.runtime.dev.js:40:24939)
 GET /competitions/win-tesla-model-3 200 in 4285ms
 HEAD /competitions/win-tesla-model-3 200 in 49ms
 ✓ Compiled in 279ms (338 modules)
 ✓ Compiled in 208ms (338 modules)
 ✓ Compiled in 174ms (338 modules)
 ✓ Compiled in 228ms (338 modules)
 ✓ Compiled in 208ms (338 modules)
 ✓ Compiled in 192ms (338 modules)
 ✓ Compiled in 197ms (338 modules)
 ✓ Compiled in 192ms (338 modules)
 ✓ Compiled in 206ms (338 modules)
 ✓ Compiled in 220ms (338 modules)
 ✓ Compiled in 189ms (338 modules)
 ✓ Compiled in 178ms (338 modules)
 ✓ Compiled in 136ms (338 modules)
 ✓ Compiled in 182ms (338 modules)
 ✓ Compiled in 403ms (338 modules)
 ✓ Compiled in 270ms (338 modules)
 ✓ Compiled in 340ms (338 modules)
 ✓ Compiled in 265ms (338 modules)
 ✓ Compiled in 220ms (338 modules)
 ○ Compiling /cart ...
 ✓ Compiled /cart in 564ms (657 modules)
 HEAD /cart 200 in 745ms
[?25h
